<?xml version="1.0" encoding="UTF-8"?>
<!-- Generated by org.testng.reporters.JUnitReportReporter -->
<testsuite hostname="SAURABH" failures="0" tests="1" name="Scratch_APISK05.ProjectScratch_APISK05.AppTest" time="0.006" errors="0" timestamp="2025-02-01T09:14:37 IST" skipped="0">
  <testcase classname="Scratch_APISK05.ProjectScratch_APISK05.AppTest" name="shouldAnswerWithTrue" time="0.006"/>
  <system-out/>
</testsuite> <!-- Scratch_APISK05.ProjectScratch_APISK05.AppTest -->
